?   	github.com/Enrikerf/pfm/commandManager	[no test files]
?   	github.com/Enrikerf/pfm/commandManager/app/Adapter/In/ApiGrcp	[no test files]
?   	github.com/Enrikerf/pfm/commandManager/app/Adapter/In/ApiGrcp/Controller	[no test files]
?   	github.com/Enrikerf/pfm/commandManager/app/Adapter/In/ApiGrcp/gen/call	[no test files]
?   	github.com/Enrikerf/pfm/commandManager/app/Adapter/In/ApiGrcp/gen/result	[no test files]
?   	github.com/Enrikerf/pfm/commandManager/app/Adapter/In/ApiGrcp/gen/task	[no test files]
?   	github.com/Enrikerf/pfm/commandManager/app/Adapter/InOut/EventDispatcherAdapter	[no test files]
?   	github.com/Enrikerf/pfm/commandManager/app/Adapter/Out/Grcp/Communication	[no test files]
?   	github.com/Enrikerf/pfm/commandManager/app/Adapter/Out/Persistence/Adapters/ResultAdapter	[no test files]
?   	github.com/Enrikerf/pfm/commandManager/app/Adapter/Out/Persistence/Adapters/TaskAdapter	[no test files]
?   	github.com/Enrikerf/pfm/commandManager/app/Adapter/Out/Persistence/Model	[no test files]
?   	github.com/Enrikerf/pfm/commandManager/app/Application/Port/In/Communication/CommunicateTaskManually	[no test files]
?   	github.com/Enrikerf/pfm/commandManager/app/Application/Port/In/Result/GetBatchResults	[no test files]
?   	github.com/Enrikerf/pfm/commandManager/app/Application/Port/In/Result/GetTaskBatches	[no test files]
?   	github.com/Enrikerf/pfm/commandManager/app/Application/Port/In/Result/StreamResults	[no test files]
?   	github.com/Enrikerf/pfm/commandManager/app/Application/Port/In/Task/CreateTask	[no test files]
?   	github.com/Enrikerf/pfm/commandManager/app/Application/Port/In/Task/DeleteTask	[no test files]
?   	github.com/Enrikerf/pfm/commandManager/app/Application/Port/In/Task/ListTasks	[no test files]
?   	github.com/Enrikerf/pfm/commandManager/app/Application/Port/In/Task/ReadTask	[no test files]
?   	github.com/Enrikerf/pfm/commandManager/app/Application/Port/In/Task/TaskEventHandler	[no test files]
?   	github.com/Enrikerf/pfm/commandManager/app/Application/Port/In/Task/UpdateTask	[no test files]
?   	github.com/Enrikerf/pfm/commandManager/app/Config	[no test files]
?   	github.com/Enrikerf/pfm/commandManager/app/Domain/Communication/Repository	[no test files]
?   	github.com/Enrikerf/pfm/commandManager/app/Domain/Communication/Service/BidirectionalCommunicator	[no test files]
?   	github.com/Enrikerf/pfm/commandManager/app/Domain/Communication/Service/ClientStreamCommunicator	[no test files]
?   	github.com/Enrikerf/pfm/commandManager/app/Domain/Communication/Service/Looper	[no test files]
?   	github.com/Enrikerf/pfm/commandManager/app/Domain/Communication/Service/ManualTaskExecutor	[no test files]
?   	github.com/Enrikerf/pfm/commandManager/app/Domain/Communication/Service/ServerStreamCommunicator	[no test files]
?   	github.com/Enrikerf/pfm/commandManager/app/Domain/Communication/Service/UnaryCommunicator	[no test files]
?   	github.com/Enrikerf/pfm/commandManager/app/Domain/Core	[no test files]
?   	github.com/Enrikerf/pfm/commandManager/app/Domain/Core/Error	[no test files]
?   	github.com/Enrikerf/pfm/commandManager/app/Domain/Core/ValueObject	[no test files]
?   	github.com/Enrikerf/pfm/commandManager/app/Domain/Event	[no test files]
?   	github.com/Enrikerf/pfm/commandManager/app/Domain/Result	[no test files]
?   	github.com/Enrikerf/pfm/commandManager/app/Domain/Result/Content	[no test files]
?   	github.com/Enrikerf/pfm/commandManager/app/Domain/Result/Error	[no test files]
?   	github.com/Enrikerf/pfm/commandManager/app/Domain/Result/Repository	[no test files]
?   	github.com/Enrikerf/pfm/commandManager/app/Domain/Task	[no test files]
?   	github.com/Enrikerf/pfm/commandManager/app/Domain/Task/CommunicationMode	[no test files]
?   	github.com/Enrikerf/pfm/commandManager/app/Domain/Task/Error	[no test files]
?   	github.com/Enrikerf/pfm/commandManager/app/Domain/Task/Event	[no test files]
?   	github.com/Enrikerf/pfm/commandManager/app/Domain/Task/ExecutionMode	[no test files]
?   	github.com/Enrikerf/pfm/commandManager/app/Domain/Task/Host	[no test files]
?   	github.com/Enrikerf/pfm/commandManager/app/Domain/Task/Port	[no test files]
?   	github.com/Enrikerf/pfm/commandManager/app/Domain/Task/Repository	[no test files]
?   	github.com/Enrikerf/pfm/commandManager/app/Domain/Task/Service/Creator	[no test files]
?   	github.com/Enrikerf/pfm/commandManager/app/Domain/Task/Service/Eraser	[no test files]
?   	github.com/Enrikerf/pfm/commandManager/app/Domain/Task/Service/Finder	[no test files]
?   	github.com/Enrikerf/pfm/commandManager/app/Domain/Task/Service/Searcher	[no test files]
?   	github.com/Enrikerf/pfm/commandManager/app/Domain/Task/Service/Updater	[no test files]
?   	github.com/Enrikerf/pfm/commandManager/app/Domain/Task/Status	[no test files]
?   	github.com/Enrikerf/pfm/commandManager/app/Domain/Task/Step	[no test files]
--- FAIL: TestNewUnknownError (0.00s)
    --- FAIL: TestNewUnknownError/Check_NewUnknownError_message (0.00s)
        UnknownError_test.go:22: NewUnknownError() = this status is not valid, want this status is not valid
FAIL
coverage: [no statements]
FAIL	github.com/Enrikerf/pfm/commandManager/tests/Unit/Domain/TaskTest/StatusTest	0.005s
FAIL
